<?xml version="1.0" encoding="utf-8"?><testsuites name="pytest tests"><testsuite name="pytest" errors="0" failures="0" skipped="0" tests="8" time="0.908" timestamp="2026-05-26T08:13:00.495573+00:00" hostname="agent-env-219bedf9-cec2-4630-94c3-437f54f76f69"><testcase classname="backend.tests.test_api.TestHealth" name="test_root" time="0.267" /><testcase classname="backend.tests.test_api.TestHealth" name="test_status_create_and_list" time="0.122" /><testcase classname="backend.tests.test_api.TestQuote" name="test_create_quote_success" time="0.103" /><testcase classname="backend.tests.test_api.TestQuote" name="test_create_quote_invalid_email" time="0.051" /><testcase classname="backend.tests.test_api.TestQuote" name="test_create_quote_short_message" time="0.055" /><testcase classname="backend.tests.test_api.TestQuote" name="test_create_quote_short_name" time="0.048" /><testcase classname="backend.tests.test_api.TestQuote" name="test_create_quote_missing_fields" time="0.050" /><testcase classname="backend.tests.test_api.TestQuote" name="test_list_quotes_returns_list" time="0.049" /></testsuite></testsuites>